<?xml version="1.0" encoding="UTF-8"?>
<testng-results skipped="0" failed="0" ignored="0" total="1" passed="1">
  <reporter-output>
  </reporter-output>
  <suite name="Flipkart Suite" duration-ms="51699" started-at="2020-08-12T23:14:21 IST" finished-at="2020-08-12T23:15:13 IST">
    <groups>
    </groups>
    <test name="TC_Loginpagetest_001.java" duration-ms="51699" started-at="2020-08-12T23:14:21 IST" finished-at="2020-08-12T23:15:13 IST">
      <class name="com.flipkart.testcases.TC_Loginpagetest_001">
        <test-method status="PASS" signature="Setup(java.lang.String)[pri:0, instance:com.flipkart.testcases.TC_Loginpagetest_001@1e88b3c]" name="Setup" is-config="true" duration-ms="42797" started-at="2020-08-12T23:14:21 IST" finished-at="2020-08-12T23:15:04 IST">
          <params>
            <param index="0">
              <value>
                <![CDATA[chrome]]>
              </value>
            </param>
          </params>
          <reporter-output>
          </reporter-output>
        </test-method> <!-- Setup -->
        <test-method status="PASS" signature="LoginTest()[pri:0, instance:com.flipkart.testcases.TC_Loginpagetest_001@1e88b3c]" name="LoginTest" duration-ms="6777" started-at="2020-08-12T23:15:04 IST" finished-at="2020-08-12T23:15:11 IST">
          <reporter-output>
          </reporter-output>
        </test-method> <!-- LoginTest -->
        <test-method status="PASS" signature="captureScreen(org.testng.ITestResult)[pri:0, instance:com.flipkart.testcases.TC_Loginpagetest_001@1e88b3c]" name="captureScreen" is-config="true" duration-ms="4" started-at="2020-08-12T23:15:11 IST" finished-at="2020-08-12T23:15:11 IST">
          <params>
            <param index="0">
              <value>
                <![CDATA[[TestResult name=LoginTest status=SUCCESS method=TC_Loginpagetest_001.LoginTest()[pri:0, instance:com.flipkart.testcases.TC_Loginpagetest_001@1e88b3c] output={null}]]]>
              </value>
            </param>
          </params>
          <reporter-output>
          </reporter-output>
        </test-method> <!-- captureScreen -->
        <test-method status="PASS" signature="close()[pri:0, instance:com.flipkart.testcases.TC_Loginpagetest_001@1e88b3c]" name="close" is-config="true" duration-ms="1428" started-at="2020-08-12T23:15:11 IST" finished-at="2020-08-12T23:15:13 IST">
          <reporter-output>
          </reporter-output>
        </test-method> <!-- close -->
      </class> <!-- com.flipkart.testcases.TC_Loginpagetest_001 -->
    </test> <!-- TC_Loginpagetest_001.java -->
  </suite> <!-- Flipkart Suite -->
</testng-results>
