<?xml version="1.0" encoding="UTF-8"?>
<testng-results skipped="0" failed="0" ignored="0" total="1" passed="1">
  <reporter-output>
  </reporter-output>
  <suite name="Flipkart Suite" duration-ms="103069" started-at="2020-08-13T10:52:48 IST" finished-at="2020-08-13T10:54:31 IST">
    <groups>
    </groups>
    <test name="TC_Loginpagetest_001.java" duration-ms="103069" started-at="2020-08-13T10:52:48 IST" finished-at="2020-08-13T10:54:31 IST">
      <class name="com.flipkart.testcases.TC_Loginpagetest_001">
        <test-method status="PASS" signature="Setup(java.lang.String)[pri:0, instance:com.flipkart.testcases.TC_Loginpagetest_001@15d0c81b]" name="Setup" is-config="true" duration-ms="69950" started-at="2020-08-13T10:52:51 IST" finished-at="2020-08-13T10:54:01 IST">
          <params>
            <param index="0">
              <value>
                <![CDATA[chrome]]>
              </value>
            </param>
          </params>
          <reporter-output>
          </reporter-output>
        </test-method> <!-- Setup -->
        <test-method status="PASS" signature="LoginTest()[pri:0, instance:com.flipkart.testcases.TC_Loginpagetest_001@15d0c81b]" name="LoginTest" duration-ms="15938" started-at="2020-08-13T10:54:01 IST" finished-at="2020-08-13T10:54:17 IST">
          <reporter-output>
          </reporter-output>
        </test-method> <!-- LoginTest -->
        <test-method status="PASS" signature="captureScreen(org.testng.ITestResult)[pri:0, instance:com.flipkart.testcases.TC_Loginpagetest_001@15d0c81b]" name="captureScreen" is-config="true" duration-ms="2" started-at="2020-08-13T10:54:18 IST" finished-at="2020-08-13T10:54:18 IST">
          <params>
            <param index="0">
              <value>
                <![CDATA[[TestResult name=LoginTest status=SUCCESS method=TC_Loginpagetest_001.LoginTest()[pri:0, instance:com.flipkart.testcases.TC_Loginpagetest_001@15d0c81b] output={null}]]]>
              </value>
            </param>
          </params>
          <reporter-output>
          </reporter-output>
        </test-method> <!-- captureScreen -->
        <test-method status="PASS" signature="close()[pri:0, instance:com.flipkart.testcases.TC_Loginpagetest_001@15d0c81b]" name="close" is-config="true" duration-ms="13396" started-at="2020-08-13T10:54:18 IST" finished-at="2020-08-13T10:54:31 IST">
          <reporter-output>
          </reporter-output>
        </test-method> <!-- close -->
      </class> <!-- com.flipkart.testcases.TC_Loginpagetest_001 -->
    </test> <!-- TC_Loginpagetest_001.java -->
  </suite> <!-- Flipkart Suite -->
</testng-results>
